Command line:
   traffic_light_isim_beh.exe
     -simmode  gui
     -simrunnum  0
     -socket  53104

Sat Jul 08 22:45:31 2023


 Elaboration Time: 0.015625 sec

 Current Memory Usage: 5151.53 Meg

 Total Signals          : 42
 Total Nets             : 30
 Total Signal Drivers   : 15
 Total Blocks           : 4
 Total Primitive Blocks : 3
 Total Processes        : 21
 Total Traceable Variables  : 32
 Total Scalar Nets and Variables : 244
Total Line Count : 60

 Total Simulation Time: 0.015625 sec

 Current Memory Usage: 5151.53 Meg

Sat Jul 08 22:45:47 2023

